Compiling the CXX compiler identification source file "CMakeCXXCompilerId.cpp" failed.
Compiler: CMAKE_CXX_COMPILER-NOTFOUND 
Build flags: 
Id flags:  

The output was:
No such file or directory


Compiling the CXX compiler identification source file "CMakeCXXCompilerId.cpp" failed.
Compiler: CMAKE_CXX_COMPILER-NOTFOUND 
Build flags: 
Id flags: -c 

The output was:
No such file or directory


Compiling the CXX compiler identification source file "CMakeCXXCompilerId.cpp" failed.
Compiler: CMAKE_CXX_COMPILER-NOTFOUND 
Build flags: 
Id flags: --c++ 

The output was:
No such file or directory


Compiling the CXX compiler identification source file "CMakeCXXCompilerId.cpp" failed.
Compiler: CMAKE_CXX_COMPILER-NOTFOUND 
Build flags: 
Id flags: --ec++ 

The output was:
No such file or directory


Compiling the CXX compiler identification source file "CMakeCXXCompilerId.cpp" failed.
Compiler: CMAKE_CXX_COMPILER-NOTFOUND 
Build flags: 
Id flags:  

The output was:
No such file or directory


Compiling the CXX compiler identification source file "CMakeCXXCompilerId.cpp" failed.
Compiler: CMAKE_CXX_COMPILER-NOTFOUND 
Build flags: 
Id flags: -c 

The output was:
No such file or directory


Compiling the CXX compiler identification source file "CMakeCXXCompilerId.cpp" failed.
Compiler: CMAKE_CXX_COMPILER-NOTFOUND 
Build flags: 
Id flags: --c++ 

The output was:
No such file or directory


Compiling the CXX compiler identification source file "CMakeCXXCompilerId.cpp" failed.
Compiler: CMAKE_CXX_COMPILER-NOTFOUND 
Build flags: 
Id flags: --ec++ 

The output was:
No such file or directory


Compiling the CXX compiler identification source file "CMakeCXXCompilerId.cpp" failed.
Compiler: /usr/bin/c++ 
Build flags: 
Id flags:  

The output was:
No such file or directory


Compiling the CXX compiler identification source file "CMakeCXXCompilerId.cpp" failed.
Compiler: /usr/bin/c++ 
Build flags: 
Id flags: -c 

The output was:
No such file or directory


Compiling the CXX compiler identification source file "CMakeCXXCompilerId.cpp" failed.
Compiler: /usr/bin/c++ 
Build flags: 
Id flags: --c++ 

The output was:
No such file or directory


Compiling the CXX compiler identification source file "CMakeCXXCompilerId.cpp" failed.
Compiler: /usr/bin/c++ 
Build flags: 
Id flags: --ec++ 

The output was:
No such file or directory


Compiling the CXX compiler identification source file "CMakeCXXCompilerId.cpp" failed.
Compiler: /usr/bin/c++ 
Build flags: 
Id flags:  

The output was:
No such file or directory


Compiling the CXX compiler identification source file "CMakeCXXCompilerId.cpp" failed.
Compiler: /usr/bin/c++ 
Build flags: 
Id flags: -c 

The output was:
No such file or directory


Compiling the CXX compiler identification source file "CMakeCXXCompilerId.cpp" failed.
Compiler: /usr/bin/c++ 
Build flags: 
Id flags: --c++ 

The output was:
No such file or directory


Compiling the CXX compiler identification source file "CMakeCXXCompilerId.cpp" failed.
Compiler: /usr/bin/c++ 
Build flags: 
Id flags: --ec++ 

The output was:
No such file or directory


Checking whether the CXX compiler is IAR using "" did not match "IAR .+ Compiler":
Checking whether the CXX compiler is IAR using "" did not match "IAR .+ Compiler":
Compiling the CXX compiler identification source file "CMakeCXXCompilerId.cpp" failed.
Compiler: /usr/bin/c++ 
Build flags: 
Id flags:  

The output was:
No such file or directory


Compiling the CXX compiler identification source file "CMakeCXXCompilerId.cpp" failed.
Compiler: /usr/bin/c++ 
Build flags: 
Id flags: -c 

The output was:
No such file or directory


Compiling the CXX compiler identification source file "CMakeCXXCompilerId.cpp" failed.
Compiler: /usr/bin/c++ 
Build flags: 
Id flags: --c++ 

The output was:
No such file or directory


Compiling the CXX compiler identification source file "CMakeCXXCompilerId.cpp" failed.
Compiler: /usr/bin/c++ 
Build flags: 
Id flags: --ec++ 

The output was:
No such file or directory


Compiling the CXX compiler identification source file "CMakeCXXCompilerId.cpp" failed.
Compiler: /usr/bin/c++ 
Build flags: 
Id flags:  

The output was:
No such file or directory


Compiling the CXX compiler identification source file "CMakeCXXCompilerId.cpp" failed.
Compiler: /usr/bin/c++ 
Build flags: 
Id flags: -c 

The output was:
No such file or directory


Compiling the CXX compiler identification source file "CMakeCXXCompilerId.cpp" failed.
Compiler: /usr/bin/c++ 
Build flags: 
Id flags: --c++ 

The output was:
No such file or directory


Compiling the CXX compiler identification source file "CMakeCXXCompilerId.cpp" failed.
Compiler: /usr/bin/c++ 
Build flags: 
Id flags: --ec++ 

The output was:
No such file or directory


Checking whether the CXX compiler is IAR using "" did not match "IAR .+ Compiler":
Checking whether the CXX compiler is IAR using "" did not match "IAR .+ Compiler":
Performing C SOURCE FILE Test HAVE_GCC_PREFERRED_STACK_BOUNDARY failed with the following output:
Change Dir: /home/ismltpn/Belgeler/homeworks/cse102-s19/boulder-dash/build/CMakeFiles/CMakeTmp

Run Build Command(s):/usr/bin/gmake cmTC_a5adb/fast 
/usr/bin/gmake -f CMakeFiles/cmTC_a5adb.dir/build.make CMakeFiles/cmTC_a5adb.dir/build
gmake[1]: Entering directory '/home/ismltpn/Belgeler/homeworks/cse102-s19/boulder-dash/build/CMakeFiles/CMakeTmp'
Building C object CMakeFiles/cmTC_a5adb.dir/src.c.o
/usr/bin/cc   -g -O3 -idirafter /home/ismltpn/Belgeler/homeworks/cse102-s19/boulder-dash/SDL2-2.0.10/src/video/khronos -DHAVE_GCC_PREFERRED_STACK_BOUNDARY -mpreferred-stack-boundary=2   -o CMakeFiles/cmTC_a5adb.dir/src.c.o   -c /home/ismltpn/Belgeler/homeworks/cse102-s19/boulder-dash/build/CMakeFiles/CMakeTmp/src.c
cc1: hata: -mpreferred-stack-boundary=2 is not between 3 and 12
gmake[1]: *** [CMakeFiles/cmTC_a5adb.dir/build.make:66: CMakeFiles/cmTC_a5adb.dir/src.c.o] Error 1
gmake[1]: Leaving directory '/home/ismltpn/Belgeler/homeworks/cse102-s19/boulder-dash/build/CMakeFiles/CMakeTmp'
gmake: *** [Makefile:121: cmTC_a5adb/fast] Error 2

Source file was:
int x = 0; int main(int argc, char **argv) {}
Performing C SOURCE FILE Test HAVE_ALTIVEC_H_HDR failed with the following output:
Change Dir: /home/ismltpn/Belgeler/homeworks/cse102-s19/boulder-dash/build/CMakeFiles/CMakeTmp

Run Build Command(s):/usr/bin/gmake cmTC_87bb5/fast 
/usr/bin/gmake -f CMakeFiles/cmTC_87bb5.dir/build.make CMakeFiles/cmTC_87bb5.dir/build
gmake[1]: Entering directory '/home/ismltpn/Belgeler/homeworks/cse102-s19/boulder-dash/build/CMakeFiles/CMakeTmp'
Building C object CMakeFiles/cmTC_87bb5.dir/src.c.o
/usr/bin/cc   -g -O3 -idirafter /home/ismltpn/Belgeler/homeworks/cse102-s19/boulder-dash/SDL2-2.0.10/src/video/khronos -DHAVE_ALTIVEC_H_HDR -maltivec   -o CMakeFiles/cmTC_87bb5.dir/src.c.o   -c /home/ismltpn/Belgeler/homeworks/cse102-s19/boulder-dash/build/CMakeFiles/CMakeTmp/src.c
cc: hata: unrecognized command line option '-maltivec'; did you mean '-mglibc'?
gmake[1]: *** [CMakeFiles/cmTC_87bb5.dir/build.make:66: CMakeFiles/cmTC_87bb5.dir/src.c.o] Error 1
gmake[1]: Leaving directory '/home/ismltpn/Belgeler/homeworks/cse102-s19/boulder-dash/build/CMakeFiles/CMakeTmp'
gmake: *** [Makefile:121: cmTC_87bb5/fast] Error 2

Source file was:

          #include <altivec.h>
          vector unsigned int vzero() {
              return vec_splat_u32(0);
          }
          int main(int argc, char **argv) { }
Performing C SOURCE FILE Test HAVE_ALTIVEC failed with the following output:
Change Dir: /home/ismltpn/Belgeler/homeworks/cse102-s19/boulder-dash/build/CMakeFiles/CMakeTmp

Run Build Command(s):/usr/bin/gmake cmTC_3c607/fast 
/usr/bin/gmake -f CMakeFiles/cmTC_3c607.dir/build.make CMakeFiles/cmTC_3c607.dir/build
gmake[1]: Entering directory '/home/ismltpn/Belgeler/homeworks/cse102-s19/boulder-dash/build/CMakeFiles/CMakeTmp'
Building C object CMakeFiles/cmTC_3c607.dir/src.c.o
/usr/bin/cc   -g -O3 -idirafter /home/ismltpn/Belgeler/homeworks/cse102-s19/boulder-dash/SDL2-2.0.10/src/video/khronos -DHAVE_ALTIVEC -maltivec   -o CMakeFiles/cmTC_3c607.dir/src.c.o   -c /home/ismltpn/Belgeler/homeworks/cse102-s19/boulder-dash/build/CMakeFiles/CMakeTmp/src.c
cc: hata: unrecognized command line option '-maltivec'; did you mean '-mglibc'?
gmake[1]: *** [CMakeFiles/cmTC_3c607.dir/build.make:66: CMakeFiles/cmTC_3c607.dir/src.c.o] Error 1
gmake[1]: Leaving directory '/home/ismltpn/Belgeler/homeworks/cse102-s19/boulder-dash/build/CMakeFiles/CMakeTmp'
gmake: *** [Makefile:121: cmTC_3c607/fast] Error 2

Source file was:

          vector unsigned int vzero() {
              return vec_splat_u32(0);
          }
          int main(int argc, char **argv) { }
Determining if the include file libunwind.h exists failed with the following output:
Change Dir: /home/ismltpn/Belgeler/homeworks/cse102-s19/boulder-dash/build/CMakeFiles/CMakeTmp

Run Build Command(s):/usr/bin/gmake cmTC_91820/fast 
/usr/bin/gmake -f CMakeFiles/cmTC_91820.dir/build.make CMakeFiles/cmTC_91820.dir/build
gmake[1]: Entering directory '/home/ismltpn/Belgeler/homeworks/cse102-s19/boulder-dash/build/CMakeFiles/CMakeTmp'
Building C object CMakeFiles/cmTC_91820.dir/CheckIncludeFile.c.o
/usr/bin/cc   -g -O3 -idirafter /home/ismltpn/Belgeler/homeworks/cse102-s19/boulder-dash/SDL2-2.0.10/src/video/khronos    -o CMakeFiles/cmTC_91820.dir/CheckIncludeFile.c.o   -c /home/ismltpn/Belgeler/homeworks/cse102-s19/boulder-dash/build/CMakeFiles/CMakeTmp/CheckIncludeFile.c
/home/ismltpn/Belgeler/homeworks/cse102-s19/boulder-dash/build/CMakeFiles/CMakeTmp/CheckIncludeFile.c:1:10: ölümcül hata: libunwind.h: No such file or directory
 #include <libunwind.h>
          ^~~~~~~~~~~~~
derleme sonlandırıldı.
gmake[1]: *** [CMakeFiles/cmTC_91820.dir/build.make:66: CMakeFiles/cmTC_91820.dir/CheckIncludeFile.c.o] Error 1
gmake[1]: Leaving directory '/home/ismltpn/Belgeler/homeworks/cse102-s19/boulder-dash/build/CMakeFiles/CMakeTmp'
gmake: *** [Makefile:121: cmTC_91820/fast] Error 2


Determining if the function strlcpy exists failed with the following output:
Change Dir: /home/ismltpn/Belgeler/homeworks/cse102-s19/boulder-dash/build/CMakeFiles/CMakeTmp

Run Build Command(s):/usr/bin/gmake cmTC_3dbdc/fast 
/usr/bin/gmake -f CMakeFiles/cmTC_3dbdc.dir/build.make CMakeFiles/cmTC_3dbdc.dir/build
gmake[1]: Entering directory '/home/ismltpn/Belgeler/homeworks/cse102-s19/boulder-dash/build/CMakeFiles/CMakeTmp'
Building C object CMakeFiles/cmTC_3dbdc.dir/CheckFunctionExists.c.o
/usr/bin/cc   -g -O3 -idirafter /home/ismltpn/Belgeler/homeworks/cse102-s19/boulder-dash/SDL2-2.0.10/src/video/khronos -DCHECK_FUNCTION_EXISTS=strlcpy   -o CMakeFiles/cmTC_3dbdc.dir/CheckFunctionExists.c.o   -c /usr/share/cmake/Modules/CheckFunctionExists.c
Linking C executable cmTC_3dbdc
/usr/bin/cmake -E cmake_link_script CMakeFiles/cmTC_3dbdc.dir/link.txt --verbose=1
/usr/bin/cc -g -O3 -idirafter /home/ismltpn/Belgeler/homeworks/cse102-s19/boulder-dash/SDL2-2.0.10/src/video/khronos -DCHECK_FUNCTION_EXISTS=strlcpy    -rdynamic CMakeFiles/cmTC_3dbdc.dir/CheckFunctionExists.c.o  -o cmTC_3dbdc 
/usr/bin/ld: CMakeFiles/cmTC_3dbdc.dir/CheckFunctionExists.c.o: in function `main':
/usr/share/cmake/Modules/CheckFunctionExists.c:17: undefined reference to `strlcpy'
collect2: hata: ld çıkış durumu 1 ile döndü
gmake[1]: *** [CMakeFiles/cmTC_3dbdc.dir/build.make:87: cmTC_3dbdc] Error 1
gmake[1]: Leaving directory '/home/ismltpn/Belgeler/homeworks/cse102-s19/boulder-dash/build/CMakeFiles/CMakeTmp'
gmake: *** [Makefile:121: cmTC_3dbdc/fast] Error 2


Determining if the function strlcat exists failed with the following output:
Change Dir: /home/ismltpn/Belgeler/homeworks/cse102-s19/boulder-dash/build/CMakeFiles/CMakeTmp

Run Build Command(s):/usr/bin/gmake cmTC_0aa5f/fast 
/usr/bin/gmake -f CMakeFiles/cmTC_0aa5f.dir/build.make CMakeFiles/cmTC_0aa5f.dir/build
gmake[1]: Entering directory '/home/ismltpn/Belgeler/homeworks/cse102-s19/boulder-dash/build/CMakeFiles/CMakeTmp'
Building C object CMakeFiles/cmTC_0aa5f.dir/CheckFunctionExists.c.o
/usr/bin/cc   -g -O3 -idirafter /home/ismltpn/Belgeler/homeworks/cse102-s19/boulder-dash/SDL2-2.0.10/src/video/khronos -DCHECK_FUNCTION_EXISTS=strlcat   -o CMakeFiles/cmTC_0aa5f.dir/CheckFunctionExists.c.o   -c /usr/share/cmake/Modules/CheckFunctionExists.c
Linking C executable cmTC_0aa5f
/usr/bin/cmake -E cmake_link_script CMakeFiles/cmTC_0aa5f.dir/link.txt --verbose=1
/usr/bin/cc -g -O3 -idirafter /home/ismltpn/Belgeler/homeworks/cse102-s19/boulder-dash/SDL2-2.0.10/src/video/khronos -DCHECK_FUNCTION_EXISTS=strlcat    -rdynamic CMakeFiles/cmTC_0aa5f.dir/CheckFunctionExists.c.o  -o cmTC_0aa5f 
/usr/bin/ld: CMakeFiles/cmTC_0aa5f.dir/CheckFunctionExists.c.o: in function `main':
/usr/share/cmake/Modules/CheckFunctionExists.c:17: undefined reference to `strlcat'
collect2: hata: ld çıkış durumu 1 ile döndü
gmake[1]: *** [CMakeFiles/cmTC_0aa5f.dir/build.make:87: cmTC_0aa5f] Error 1
gmake[1]: Leaving directory '/home/ismltpn/Belgeler/homeworks/cse102-s19/boulder-dash/build/CMakeFiles/CMakeTmp'
gmake: *** [Makefile:121: cmTC_0aa5f/fast] Error 2


Determining if the function _strrev exists failed with the following output:
Change Dir: /home/ismltpn/Belgeler/homeworks/cse102-s19/boulder-dash/build/CMakeFiles/CMakeTmp

Run Build Command(s):/usr/bin/gmake cmTC_59302/fast 
/usr/bin/gmake -f CMakeFiles/cmTC_59302.dir/build.make CMakeFiles/cmTC_59302.dir/build
gmake[1]: Entering directory '/home/ismltpn/Belgeler/homeworks/cse102-s19/boulder-dash/build/CMakeFiles/CMakeTmp'
Building C object CMakeFiles/cmTC_59302.dir/CheckFunctionExists.c.o
/usr/bin/cc   -g -O3 -idirafter /home/ismltpn/Belgeler/homeworks/cse102-s19/boulder-dash/SDL2-2.0.10/src/video/khronos -DCHECK_FUNCTION_EXISTS=_strrev   -o CMakeFiles/cmTC_59302.dir/CheckFunctionExists.c.o   -c /usr/share/cmake/Modules/CheckFunctionExists.c
Linking C executable cmTC_59302
/usr/bin/cmake -E cmake_link_script CMakeFiles/cmTC_59302.dir/link.txt --verbose=1
/usr/bin/cc -g -O3 -idirafter /home/ismltpn/Belgeler/homeworks/cse102-s19/boulder-dash/SDL2-2.0.10/src/video/khronos -DCHECK_FUNCTION_EXISTS=_strrev    -rdynamic CMakeFiles/cmTC_59302.dir/CheckFunctionExists.c.o  -o cmTC_59302 
/usr/bin/ld: CMakeFiles/cmTC_59302.dir/CheckFunctionExists.c.o: in function `main':
/usr/share/cmake/Modules/CheckFunctionExists.c:17: undefined reference to `_strrev'
collect2: hata: ld çıkış durumu 1 ile döndü
gmake[1]: *** [CMakeFiles/cmTC_59302.dir/build.make:87: cmTC_59302] Error 1
gmake[1]: Leaving directory '/home/ismltpn/Belgeler/homeworks/cse102-s19/boulder-dash/build/CMakeFiles/CMakeTmp'
gmake: *** [Makefile:121: cmTC_59302/fast] Error 2


Determining if the function _strupr exists failed with the following output:
Change Dir: /home/ismltpn/Belgeler/homeworks/cse102-s19/boulder-dash/build/CMakeFiles/CMakeTmp

Run Build Command(s):/usr/bin/gmake cmTC_61629/fast 
/usr/bin/gmake -f CMakeFiles/cmTC_61629.dir/build.make CMakeFiles/cmTC_61629.dir/build
gmake[1]: Entering directory '/home/ismltpn/Belgeler/homeworks/cse102-s19/boulder-dash/build/CMakeFiles/CMakeTmp'
Building C object CMakeFiles/cmTC_61629.dir/CheckFunctionExists.c.o
/usr/bin/cc   -g -O3 -idirafter /home/ismltpn/Belgeler/homeworks/cse102-s19/boulder-dash/SDL2-2.0.10/src/video/khronos -DCHECK_FUNCTION_EXISTS=_strupr   -o CMakeFiles/cmTC_61629.dir/CheckFunctionExists.c.o   -c /usr/share/cmake/Modules/CheckFunctionExists.c
Linking C executable cmTC_61629
/usr/bin/cmake -E cmake_link_script CMakeFiles/cmTC_61629.dir/link.txt --verbose=1
/usr/bin/cc -g -O3 -idirafter /home/ismltpn/Belgeler/homeworks/cse102-s19/boulder-dash/SDL2-2.0.10/src/video/khronos -DCHECK_FUNCTION_EXISTS=_strupr    -rdynamic CMakeFiles/cmTC_61629.dir/CheckFunctionExists.c.o  -o cmTC_61629 
/usr/bin/ld: CMakeFiles/cmTC_61629.dir/CheckFunctionExists.c.o: in function `main':
/usr/share/cmake/Modules/CheckFunctionExists.c:17: undefined reference to `_strupr'
collect2: hata: ld çıkış durumu 1 ile döndü
gmake[1]: *** [CMakeFiles/cmTC_61629.dir/build.make:87: cmTC_61629] Error 1
gmake[1]: Leaving directory '/home/ismltpn/Belgeler/homeworks/cse102-s19/boulder-dash/build/CMakeFiles/CMakeTmp'
gmake: *** [Makefile:121: cmTC_61629/fast] Error 2


Determining if the function _strlwr exists failed with the following output:
Change Dir: /home/ismltpn/Belgeler/homeworks/cse102-s19/boulder-dash/build/CMakeFiles/CMakeTmp

Run Build Command(s):/usr/bin/gmake cmTC_06d6c/fast 
/usr/bin/gmake -f CMakeFiles/cmTC_06d6c.dir/build.make CMakeFiles/cmTC_06d6c.dir/build
gmake[1]: Entering directory '/home/ismltpn/Belgeler/homeworks/cse102-s19/boulder-dash/build/CMakeFiles/CMakeTmp'
Building C object CMakeFiles/cmTC_06d6c.dir/CheckFunctionExists.c.o
/usr/bin/cc   -g -O3 -idirafter /home/ismltpn/Belgeler/homeworks/cse102-s19/boulder-dash/SDL2-2.0.10/src/video/khronos -DCHECK_FUNCTION_EXISTS=_strlwr   -o CMakeFiles/cmTC_06d6c.dir/CheckFunctionExists.c.o   -c /usr/share/cmake/Modules/CheckFunctionExists.c
Linking C executable cmTC_06d6c
/usr/bin/cmake -E cmake_link_script CMakeFiles/cmTC_06d6c.dir/link.txt --verbose=1
/usr/bin/cc -g -O3 -idirafter /home/ismltpn/Belgeler/homeworks/cse102-s19/boulder-dash/SDL2-2.0.10/src/video/khronos -DCHECK_FUNCTION_EXISTS=_strlwr    -rdynamic CMakeFiles/cmTC_06d6c.dir/CheckFunctionExists.c.o  -o cmTC_06d6c 
/usr/bin/ld: CMakeFiles/cmTC_06d6c.dir/CheckFunctionExists.c.o: in function `main':
/usr/share/cmake/Modules/CheckFunctionExists.c:17: undefined reference to `_strlwr'
collect2: hata: ld çıkış durumu 1 ile döndü
gmake[1]: *** [CMakeFiles/cmTC_06d6c.dir/build.make:87: cmTC_06d6c] Error 1
gmake[1]: Leaving directory '/home/ismltpn/Belgeler/homeworks/cse102-s19/boulder-dash/build/CMakeFiles/CMakeTmp'
gmake: *** [Makefile:121: cmTC_06d6c/fast] Error 2


Determining if the function itoa exists failed with the following output:
Change Dir: /home/ismltpn/Belgeler/homeworks/cse102-s19/boulder-dash/build/CMakeFiles/CMakeTmp

Run Build Command(s):/usr/bin/gmake cmTC_b887d/fast 
/usr/bin/gmake -f CMakeFiles/cmTC_b887d.dir/build.make CMakeFiles/cmTC_b887d.dir/build
gmake[1]: Entering directory '/home/ismltpn/Belgeler/homeworks/cse102-s19/boulder-dash/build/CMakeFiles/CMakeTmp'
Building C object CMakeFiles/cmTC_b887d.dir/CheckFunctionExists.c.o
/usr/bin/cc   -g -O3 -idirafter /home/ismltpn/Belgeler/homeworks/cse102-s19/boulder-dash/SDL2-2.0.10/src/video/khronos -DCHECK_FUNCTION_EXISTS=itoa   -o CMakeFiles/cmTC_b887d.dir/CheckFunctionExists.c.o   -c /usr/share/cmake/Modules/CheckFunctionExists.c
Linking C executable cmTC_b887d
/usr/bin/cmake -E cmake_link_script CMakeFiles/cmTC_b887d.dir/link.txt --verbose=1
/usr/bin/cc -g -O3 -idirafter /home/ismltpn/Belgeler/homeworks/cse102-s19/boulder-dash/SDL2-2.0.10/src/video/khronos -DCHECK_FUNCTION_EXISTS=itoa    -rdynamic CMakeFiles/cmTC_b887d.dir/CheckFunctionExists.c.o  -o cmTC_b887d 
/usr/bin/ld: CMakeFiles/cmTC_b887d.dir/CheckFunctionExists.c.o: in function `main':
/usr/share/cmake/Modules/CheckFunctionExists.c:17: undefined reference to `itoa'
collect2: hata: ld çıkış durumu 1 ile döndü
gmake[1]: *** [CMakeFiles/cmTC_b887d.dir/build.make:87: cmTC_b887d] Error 1
gmake[1]: Leaving directory '/home/ismltpn/Belgeler/homeworks/cse102-s19/boulder-dash/build/CMakeFiles/CMakeTmp'
gmake: *** [Makefile:121: cmTC_b887d/fast] Error 2


Determining if the function _ltoa exists failed with the following output:
Change Dir: /home/ismltpn/Belgeler/homeworks/cse102-s19/boulder-dash/build/CMakeFiles/CMakeTmp

Run Build Command(s):/usr/bin/gmake cmTC_2922b/fast 
/usr/bin/gmake -f CMakeFiles/cmTC_2922b.dir/build.make CMakeFiles/cmTC_2922b.dir/build
gmake[1]: Entering directory '/home/ismltpn/Belgeler/homeworks/cse102-s19/boulder-dash/build/CMakeFiles/CMakeTmp'
Building C object CMakeFiles/cmTC_2922b.dir/CheckFunctionExists.c.o
/usr/bin/cc   -g -O3 -idirafter /home/ismltpn/Belgeler/homeworks/cse102-s19/boulder-dash/SDL2-2.0.10/src/video/khronos -DCHECK_FUNCTION_EXISTS=_ltoa   -o CMakeFiles/cmTC_2922b.dir/CheckFunctionExists.c.o   -c /usr/share/cmake/Modules/CheckFunctionExists.c
Linking C executable cmTC_2922b
/usr/bin/cmake -E cmake_link_script CMakeFiles/cmTC_2922b.dir/link.txt --verbose=1
/usr/bin/cc -g -O3 -idirafter /home/ismltpn/Belgeler/homeworks/cse102-s19/boulder-dash/SDL2-2.0.10/src/video/khronos -DCHECK_FUNCTION_EXISTS=_ltoa    -rdynamic CMakeFiles/cmTC_2922b.dir/CheckFunctionExists.c.o  -o cmTC_2922b 
/usr/bin/ld: CMakeFiles/cmTC_2922b.dir/CheckFunctionExists.c.o: in function `main':
/usr/share/cmake/Modules/CheckFunctionExists.c:17: undefined reference to `_ltoa'
collect2: hata: ld çıkış durumu 1 ile döndü
gmake[1]: *** [CMakeFiles/cmTC_2922b.dir/build.make:87: cmTC_2922b] Error 1
gmake[1]: Leaving directory '/home/ismltpn/Belgeler/homeworks/cse102-s19/boulder-dash/build/CMakeFiles/CMakeTmp'
gmake: *** [Makefile:121: cmTC_2922b/fast] Error 2


Determining if the function _uitoa exists failed with the following output:
Change Dir: /home/ismltpn/Belgeler/homeworks/cse102-s19/boulder-dash/build/CMakeFiles/CMakeTmp

Run Build Command(s):/usr/bin/gmake cmTC_fad3e/fast 
/usr/bin/gmake -f CMakeFiles/cmTC_fad3e.dir/build.make CMakeFiles/cmTC_fad3e.dir/build
gmake[1]: Entering directory '/home/ismltpn/Belgeler/homeworks/cse102-s19/boulder-dash/build/CMakeFiles/CMakeTmp'
Building C object CMakeFiles/cmTC_fad3e.dir/CheckFunctionExists.c.o
/usr/bin/cc   -g -O3 -idirafter /home/ismltpn/Belgeler/homeworks/cse102-s19/boulder-dash/SDL2-2.0.10/src/video/khronos -DCHECK_FUNCTION_EXISTS=_uitoa   -o CMakeFiles/cmTC_fad3e.dir/CheckFunctionExists.c.o   -c /usr/share/cmake/Modules/CheckFunctionExists.c
Linking C executable cmTC_fad3e
/usr/bin/cmake -E cmake_link_script CMakeFiles/cmTC_fad3e.dir/link.txt --verbose=1
/usr/bin/cc -g -O3 -idirafter /home/ismltpn/Belgeler/homeworks/cse102-s19/boulder-dash/SDL2-2.0.10/src/video/khronos -DCHECK_FUNCTION_EXISTS=_uitoa    -rdynamic CMakeFiles/cmTC_fad3e.dir/CheckFunctionExists.c.o  -o cmTC_fad3e 
/usr/bin/ld: CMakeFiles/cmTC_fad3e.dir/CheckFunctionExists.c.o: in function `main':
/usr/share/cmake/Modules/CheckFunctionExists.c:17: undefined reference to `_uitoa'
collect2: hata: ld çıkış durumu 1 ile döndü
gmake[1]: *** [CMakeFiles/cmTC_fad3e.dir/build.make:87: cmTC_fad3e] Error 1
gmake[1]: Leaving directory '/home/ismltpn/Belgeler/homeworks/cse102-s19/boulder-dash/build/CMakeFiles/CMakeTmp'
gmake: *** [Makefile:121: cmTC_fad3e/fast] Error 2


Determining if the function _ultoa exists failed with the following output:
Change Dir: /home/ismltpn/Belgeler/homeworks/cse102-s19/boulder-dash/build/CMakeFiles/CMakeTmp

Run Build Command(s):/usr/bin/gmake cmTC_a4534/fast 
/usr/bin/gmake -f CMakeFiles/cmTC_a4534.dir/build.make CMakeFiles/cmTC_a4534.dir/build
gmake[1]: Entering directory '/home/ismltpn/Belgeler/homeworks/cse102-s19/boulder-dash/build/CMakeFiles/CMakeTmp'
Building C object CMakeFiles/cmTC_a4534.dir/CheckFunctionExists.c.o
/usr/bin/cc   -g -O3 -idirafter /home/ismltpn/Belgeler/homeworks/cse102-s19/boulder-dash/SDL2-2.0.10/src/video/khronos -DCHECK_FUNCTION_EXISTS=_ultoa   -o CMakeFiles/cmTC_a4534.dir/CheckFunctionExists.c.o   -c /usr/share/cmake/Modules/CheckFunctionExists.c
Linking C executable cmTC_a4534
/usr/bin/cmake -E cmake_link_script CMakeFiles/cmTC_a4534.dir/link.txt --verbose=1
/usr/bin/cc -g -O3 -idirafter /home/ismltpn/Belgeler/homeworks/cse102-s19/boulder-dash/SDL2-2.0.10/src/video/khronos -DCHECK_FUNCTION_EXISTS=_ultoa    -rdynamic CMakeFiles/cmTC_a4534.dir/CheckFunctionExists.c.o  -o cmTC_a4534 
/usr/bin/ld: CMakeFiles/cmTC_a4534.dir/CheckFunctionExists.c.o: in function `main':
/usr/share/cmake/Modules/CheckFunctionExists.c:17: undefined reference to `_ultoa'
collect2: hata: ld çıkış durumu 1 ile döndü
gmake[1]: *** [CMakeFiles/cmTC_a4534.dir/build.make:87: cmTC_a4534] Error 1
gmake[1]: Leaving directory '/home/ismltpn/Belgeler/homeworks/cse102-s19/boulder-dash/build/CMakeFiles/CMakeTmp'
gmake: *** [Makefile:121: cmTC_a4534/fast] Error 2


Determining if the function _i64toa exists failed with the following output:
Change Dir: /home/ismltpn/Belgeler/homeworks/cse102-s19/boulder-dash/build/CMakeFiles/CMakeTmp

Run Build Command(s):/usr/bin/gmake cmTC_0684f/fast 
/usr/bin/gmake -f CMakeFiles/cmTC_0684f.dir/build.make CMakeFiles/cmTC_0684f.dir/build
gmake[1]: Entering directory '/home/ismltpn/Belgeler/homeworks/cse102-s19/boulder-dash/build/CMakeFiles/CMakeTmp'
Building C object CMakeFiles/cmTC_0684f.dir/CheckFunctionExists.c.o
/usr/bin/cc   -g -O3 -idirafter /home/ismltpn/Belgeler/homeworks/cse102-s19/boulder-dash/SDL2-2.0.10/src/video/khronos -DCHECK_FUNCTION_EXISTS=_i64toa   -o CMakeFiles/cmTC_0684f.dir/CheckFunctionExists.c.o   -c /usr/share/cmake/Modules/CheckFunctionExists.c
Linking C executable cmTC_0684f
/usr/bin/cmake -E cmake_link_script CMakeFiles/cmTC_0684f.dir/link.txt --verbose=1
/usr/bin/cc -g -O3 -idirafter /home/ismltpn/Belgeler/homeworks/cse102-s19/boulder-dash/SDL2-2.0.10/src/video/khronos -DCHECK_FUNCTION_EXISTS=_i64toa    -rdynamic CMakeFiles/cmTC_0684f.dir/CheckFunctionExists.c.o  -o cmTC_0684f 
/usr/bin/ld: CMakeFiles/cmTC_0684f.dir/CheckFunctionExists.c.o: in function `main':
/usr/share/cmake/Modules/CheckFunctionExists.c:17: undefined reference to `_i64toa'
collect2: hata: ld çıkış durumu 1 ile döndü
gmake[1]: *** [CMakeFiles/cmTC_0684f.dir/build.make:87: cmTC_0684f] Error 1
gmake[1]: Leaving directory '/home/ismltpn/Belgeler/homeworks/cse102-s19/boulder-dash/build/CMakeFiles/CMakeTmp'
gmake: *** [Makefile:121: cmTC_0684f/fast] Error 2


Determining if the function _ui64toa exists failed with the following output:
Change Dir: /home/ismltpn/Belgeler/homeworks/cse102-s19/boulder-dash/build/CMakeFiles/CMakeTmp

Run Build Command(s):/usr/bin/gmake cmTC_7a383/fast 
/usr/bin/gmake -f CMakeFiles/cmTC_7a383.dir/build.make CMakeFiles/cmTC_7a383.dir/build
gmake[1]: Entering directory '/home/ismltpn/Belgeler/homeworks/cse102-s19/boulder-dash/build/CMakeFiles/CMakeTmp'
Building C object CMakeFiles/cmTC_7a383.dir/CheckFunctionExists.c.o
/usr/bin/cc   -g -O3 -idirafter /home/ismltpn/Belgeler/homeworks/cse102-s19/boulder-dash/SDL2-2.0.10/src/video/khronos -DCHECK_FUNCTION_EXISTS=_ui64toa   -o CMakeFiles/cmTC_7a383.dir/CheckFunctionExists.c.o   -c /usr/share/cmake/Modules/CheckFunctionExists.c
Linking C executable cmTC_7a383
/usr/bin/cmake -E cmake_link_script CMakeFiles/cmTC_7a383.dir/link.txt --verbose=1
/usr/bin/cc -g -O3 -idirafter /home/ismltpn/Belgeler/homeworks/cse102-s19/boulder-dash/SDL2-2.0.10/src/video/khronos -DCHECK_FUNCTION_EXISTS=_ui64toa    -rdynamic CMakeFiles/cmTC_7a383.dir/CheckFunctionExists.c.o  -o cmTC_7a383 
/usr/bin/ld: CMakeFiles/cmTC_7a383.dir/CheckFunctionExists.c.o: in function `main':
/usr/share/cmake/Modules/CheckFunctionExists.c:17: undefined reference to `_ui64toa'
collect2: hata: ld çıkış durumu 1 ile döndü
gmake[1]: *** [CMakeFiles/cmTC_7a383.dir/build.make:87: cmTC_7a383] Error 1
gmake[1]: Leaving directory '/home/ismltpn/Belgeler/homeworks/cse102-s19/boulder-dash/build/CMakeFiles/CMakeTmp'
gmake: *** [Makefile:121: cmTC_7a383/fast] Error 2


Determining if the function _stricmp exists failed with the following output:
Change Dir: /home/ismltpn/Belgeler/homeworks/cse102-s19/boulder-dash/build/CMakeFiles/CMakeTmp

Run Build Command(s):/usr/bin/gmake cmTC_853df/fast 
/usr/bin/gmake -f CMakeFiles/cmTC_853df.dir/build.make CMakeFiles/cmTC_853df.dir/build
gmake[1]: Entering directory '/home/ismltpn/Belgeler/homeworks/cse102-s19/boulder-dash/build/CMakeFiles/CMakeTmp'
Building C object CMakeFiles/cmTC_853df.dir/CheckFunctionExists.c.o
/usr/bin/cc   -g -O3 -idirafter /home/ismltpn/Belgeler/homeworks/cse102-s19/boulder-dash/SDL2-2.0.10/src/video/khronos -DCHECK_FUNCTION_EXISTS=_stricmp   -o CMakeFiles/cmTC_853df.dir/CheckFunctionExists.c.o   -c /usr/share/cmake/Modules/CheckFunctionExists.c
Linking C executable cmTC_853df
/usr/bin/cmake -E cmake_link_script CMakeFiles/cmTC_853df.dir/link.txt --verbose=1
/usr/bin/cc -g -O3 -idirafter /home/ismltpn/Belgeler/homeworks/cse102-s19/boulder-dash/SDL2-2.0.10/src/video/khronos -DCHECK_FUNCTION_EXISTS=_stricmp    -rdynamic CMakeFiles/cmTC_853df.dir/CheckFunctionExists.c.o  -o cmTC_853df 
/usr/bin/ld: CMakeFiles/cmTC_853df.dir/CheckFunctionExists.c.o: in function `main':
/usr/share/cmake/Modules/CheckFunctionExists.c:17: undefined reference to `_stricmp'
collect2: hata: ld çıkış durumu 1 ile döndü
gmake[1]: *** [CMakeFiles/cmTC_853df.dir/build.make:87: cmTC_853df] Error 1
gmake[1]: Leaving directory '/home/ismltpn/Belgeler/homeworks/cse102-s19/boulder-dash/build/CMakeFiles/CMakeTmp'
gmake: *** [Makefile:121: cmTC_853df/fast] Error 2


Determining if the function _strnicmp exists failed with the following output:
Change Dir: /home/ismltpn/Belgeler/homeworks/cse102-s19/boulder-dash/build/CMakeFiles/CMakeTmp

Run Build Command(s):/usr/bin/gmake cmTC_31a9f/fast 
/usr/bin/gmake -f CMakeFiles/cmTC_31a9f.dir/build.make CMakeFiles/cmTC_31a9f.dir/build
gmake[1]: Entering directory '/home/ismltpn/Belgeler/homeworks/cse102-s19/boulder-dash/build/CMakeFiles/CMakeTmp'
Building C object CMakeFiles/cmTC_31a9f.dir/CheckFunctionExists.c.o
/usr/bin/cc   -g -O3 -idirafter /home/ismltpn/Belgeler/homeworks/cse102-s19/boulder-dash/SDL2-2.0.10/src/video/khronos -DCHECK_FUNCTION_EXISTS=_strnicmp   -o CMakeFiles/cmTC_31a9f.dir/CheckFunctionExists.c.o   -c /usr/share/cmake/Modules/CheckFunctionExists.c
Linking C executable cmTC_31a9f
/usr/bin/cmake -E cmake_link_script CMakeFiles/cmTC_31a9f.dir/link.txt --verbose=1
/usr/bin/cc -g -O3 -idirafter /home/ismltpn/Belgeler/homeworks/cse102-s19/boulder-dash/SDL2-2.0.10/src/video/khronos -DCHECK_FUNCTION_EXISTS=_strnicmp    -rdynamic CMakeFiles/cmTC_31a9f.dir/CheckFunctionExists.c.o  -o cmTC_31a9f 
/usr/bin/ld: CMakeFiles/cmTC_31a9f.dir/CheckFunctionExists.c.o: in function `main':
/usr/share/cmake/Modules/CheckFunctionExists.c:17: undefined reference to `_strnicmp'
collect2: hata: ld çıkış durumu 1 ile döndü
gmake[1]: *** [CMakeFiles/cmTC_31a9f.dir/build.make:87: cmTC_31a9f] Error 1
gmake[1]: Leaving directory '/home/ismltpn/Belgeler/homeworks/cse102-s19/boulder-dash/build/CMakeFiles/CMakeTmp'
gmake: *** [Makefile:121: cmTC_31a9f/fast] Error 2


Determining if the function sysctlbyname exists failed with the following output:
Change Dir: /home/ismltpn/Belgeler/homeworks/cse102-s19/boulder-dash/build/CMakeFiles/CMakeTmp

Run Build Command(s):/usr/bin/gmake cmTC_b0017/fast 
/usr/bin/gmake -f CMakeFiles/cmTC_b0017.dir/build.make CMakeFiles/cmTC_b0017.dir/build
gmake[1]: Entering directory '/home/ismltpn/Belgeler/homeworks/cse102-s19/boulder-dash/build/CMakeFiles/CMakeTmp'
Building C object CMakeFiles/cmTC_b0017.dir/CheckFunctionExists.c.o
/usr/bin/cc   -g -O3 -idirafter /home/ismltpn/Belgeler/homeworks/cse102-s19/boulder-dash/SDL2-2.0.10/src/video/khronos -DCHECK_FUNCTION_EXISTS=sysctlbyname   -o CMakeFiles/cmTC_b0017.dir/CheckFunctionExists.c.o   -c /usr/share/cmake/Modules/CheckFunctionExists.c
Linking C executable cmTC_b0017
/usr/bin/cmake -E cmake_link_script CMakeFiles/cmTC_b0017.dir/link.txt --verbose=1
/usr/bin/cc -g -O3 -idirafter /home/ismltpn/Belgeler/homeworks/cse102-s19/boulder-dash/SDL2-2.0.10/src/video/khronos -DCHECK_FUNCTION_EXISTS=sysctlbyname    -rdynamic CMakeFiles/cmTC_b0017.dir/CheckFunctionExists.c.o  -o cmTC_b0017 
/usr/bin/ld: CMakeFiles/cmTC_b0017.dir/CheckFunctionExists.c.o: in function `main':
/usr/share/cmake/Modules/CheckFunctionExists.c:17: undefined reference to `sysctlbyname'
collect2: hata: ld çıkış durumu 1 ile döndü
gmake[1]: *** [CMakeFiles/cmTC_b0017.dir/build.make:87: cmTC_b0017] Error 1
gmake[1]: Leaving directory '/home/ismltpn/Belgeler/homeworks/cse102-s19/boulder-dash/build/CMakeFiles/CMakeTmp'
gmake: *** [Makefile:121: cmTC_b0017/fast] Error 2


Determining if the function iconv_open exists in the iconv failed with the following output:
Change Dir: /home/ismltpn/Belgeler/homeworks/cse102-s19/boulder-dash/build/CMakeFiles/CMakeTmp

Run Build Command(s):/usr/bin/gmake cmTC_b25e9/fast 
/usr/bin/gmake -f CMakeFiles/cmTC_b25e9.dir/build.make CMakeFiles/cmTC_b25e9.dir/build
gmake[1]: Entering directory '/home/ismltpn/Belgeler/homeworks/cse102-s19/boulder-dash/build/CMakeFiles/CMakeTmp'
Building C object CMakeFiles/cmTC_b25e9.dir/CheckFunctionExists.c.o
/usr/bin/cc   -g -O3 -idirafter /home/ismltpn/Belgeler/homeworks/cse102-s19/boulder-dash/SDL2-2.0.10/src/video/khronos -DCHECK_FUNCTION_EXISTS=iconv_open   -o CMakeFiles/cmTC_b25e9.dir/CheckFunctionExists.c.o   -c /usr/share/cmake/Modules/CheckFunctionExists.c
Linking C executable cmTC_b25e9
/usr/bin/cmake -E cmake_link_script CMakeFiles/cmTC_b25e9.dir/link.txt --verbose=1
/usr/bin/cc -g -O3 -idirafter /home/ismltpn/Belgeler/homeworks/cse102-s19/boulder-dash/SDL2-2.0.10/src/video/khronos -DCHECK_FUNCTION_EXISTS=iconv_open    -rdynamic CMakeFiles/cmTC_b25e9.dir/CheckFunctionExists.c.o  -o cmTC_b25e9 -liconv 
/usr/bin/ld: -liconv bulunamadı
collect2: hata: ld çıkış durumu 1 ile döndü
gmake[1]: *** [CMakeFiles/cmTC_b25e9.dir/build.make:87: cmTC_b25e9] Error 1
gmake[1]: Leaving directory '/home/ismltpn/Belgeler/homeworks/cse102-s19/boulder-dash/build/CMakeFiles/CMakeTmp'
gmake: *** [Makefile:121: cmTC_b25e9/fast] Error 2


Determining if the function alloca exists failed with the following output:
Change Dir: /home/ismltpn/Belgeler/homeworks/cse102-s19/boulder-dash/build/CMakeFiles/CMakeTmp

Run Build Command(s):/usr/bin/gmake cmTC_32a7b/fast 
/usr/bin/gmake -f CMakeFiles/cmTC_32a7b.dir/build.make CMakeFiles/cmTC_32a7b.dir/build
gmake[1]: Entering directory '/home/ismltpn/Belgeler/homeworks/cse102-s19/boulder-dash/build/CMakeFiles/CMakeTmp'
Building C object CMakeFiles/cmTC_32a7b.dir/CheckFunctionExists.c.o
/usr/bin/cc   -g -O3 -idirafter /home/ismltpn/Belgeler/homeworks/cse102-s19/boulder-dash/SDL2-2.0.10/src/video/khronos -DCHECK_FUNCTION_EXISTS=alloca   -o CMakeFiles/cmTC_32a7b.dir/CheckFunctionExists.c.o   -c /usr/share/cmake/Modules/CheckFunctionExists.c
<komut-satırı>: UYARI: yerleşik işlev 'alloca' için tür çelişkisi [-Wbuiltin-declaration-mismatch]
/usr/share/cmake/Modules/CheckFunctionExists.c:7:3: bilgi: in expansion of macro 'CHECK_FUNCTION_EXISTS'
   CHECK_FUNCTION_EXISTS(void);
   ^~~~~~~~~~~~~~~~~~~~~
Linking C executable cmTC_32a7b
/usr/bin/cmake -E cmake_link_script CMakeFiles/cmTC_32a7b.dir/link.txt --verbose=1
/usr/bin/cc -g -O3 -idirafter /home/ismltpn/Belgeler/homeworks/cse102-s19/boulder-dash/SDL2-2.0.10/src/video/khronos -DCHECK_FUNCTION_EXISTS=alloca    -rdynamic CMakeFiles/cmTC_32a7b.dir/CheckFunctionExists.c.o  -o cmTC_32a7b 
/usr/bin/ld: CMakeFiles/cmTC_32a7b.dir/CheckFunctionExists.c.o: in function `main':
/usr/share/cmake/Modules/CheckFunctionExists.c:17: undefined reference to `alloca'
collect2: hata: ld çıkış durumu 1 ile döndü
gmake[1]: *** [CMakeFiles/cmTC_32a7b.dir/build.make:87: cmTC_32a7b] Error 1
gmake[1]: Leaving directory '/home/ismltpn/Belgeler/homeworks/cse102-s19/boulder-dash/build/CMakeFiles/CMakeTmp'
gmake: *** [Makefile:121: cmTC_32a7b/fast] Error 2


Determining if the function dlopen exists failed with the following output:
Change Dir: /home/ismltpn/Belgeler/homeworks/cse102-s19/boulder-dash/build/CMakeFiles/CMakeTmp

Run Build Command(s):/usr/bin/gmake cmTC_48d53/fast 
/usr/bin/gmake -f CMakeFiles/cmTC_48d53.dir/build.make CMakeFiles/cmTC_48d53.dir/build
gmake[1]: Entering directory '/home/ismltpn/Belgeler/homeworks/cse102-s19/boulder-dash/build/CMakeFiles/CMakeTmp'
Building C object CMakeFiles/cmTC_48d53.dir/CheckFunctionExists.c.o
/usr/bin/cc   -g -O3 -idirafter /home/ismltpn/Belgeler/homeworks/cse102-s19/boulder-dash/SDL2-2.0.10/src/video/khronos -DCHECK_FUNCTION_EXISTS=dlopen   -o CMakeFiles/cmTC_48d53.dir/CheckFunctionExists.c.o   -c /usr/share/cmake/Modules/CheckFunctionExists.c
Linking C executable cmTC_48d53
/usr/bin/cmake -E cmake_link_script CMakeFiles/cmTC_48d53.dir/link.txt --verbose=1
/usr/bin/cc -g -O3 -idirafter /home/ismltpn/Belgeler/homeworks/cse102-s19/boulder-dash/SDL2-2.0.10/src/video/khronos -DCHECK_FUNCTION_EXISTS=dlopen    -rdynamic CMakeFiles/cmTC_48d53.dir/CheckFunctionExists.c.o  -o cmTC_48d53 
/usr/bin/ld: CMakeFiles/cmTC_48d53.dir/CheckFunctionExists.c.o: in function `main':
/usr/share/cmake/Modules/CheckFunctionExists.c:17: undefined reference to `dlopen'
collect2: hata: ld çıkış durumu 1 ile döndü
gmake[1]: *** [CMakeFiles/cmTC_48d53.dir/build.make:87: cmTC_48d53] Error 1
gmake[1]: Leaving directory '/home/ismltpn/Belgeler/homeworks/cse102-s19/boulder-dash/build/CMakeFiles/CMakeTmp'
gmake: *** [Makefile:121: cmTC_48d53/fast] Error 2


Determining if the include file alsa/asoundlib.h exists failed with the following output:
Change Dir: /home/ismltpn/Belgeler/homeworks/cse102-s19/boulder-dash/build/CMakeFiles/CMakeTmp

Run Build Command(s):/usr/bin/gmake cmTC_b8867/fast 
/usr/bin/gmake -f CMakeFiles/cmTC_b8867.dir/build.make CMakeFiles/cmTC_b8867.dir/build
gmake[1]: Entering directory '/home/ismltpn/Belgeler/homeworks/cse102-s19/boulder-dash/build/CMakeFiles/CMakeTmp'
Building C object CMakeFiles/cmTC_b8867.dir/CheckIncludeFile.c.o
/usr/bin/cc   -g -O3 -idirafter /home/ismltpn/Belgeler/homeworks/cse102-s19/boulder-dash/SDL2-2.0.10/src/video/khronos    -o CMakeFiles/cmTC_b8867.dir/CheckIncludeFile.c.o   -c /home/ismltpn/Belgeler/homeworks/cse102-s19/boulder-dash/build/CMakeFiles/CMakeTmp/CheckIncludeFile.c
/home/ismltpn/Belgeler/homeworks/cse102-s19/boulder-dash/build/CMakeFiles/CMakeTmp/CheckIncludeFile.c:1:10: ölümcül hata: alsa/asoundlib.h: No such file or directory
 #include <alsa/asoundlib.h>
          ^~~~~~~~~~~~~~~~~~
derleme sonlandırıldı.
gmake[1]: *** [CMakeFiles/cmTC_b8867.dir/build.make:66: CMakeFiles/cmTC_b8867.dir/CheckIncludeFile.c.o] Error 1
gmake[1]: Leaving directory '/home/ismltpn/Belgeler/homeworks/cse102-s19/boulder-dash/build/CMakeFiles/CMakeTmp'
gmake: *** [Makefile:121: cmTC_b8867/fast] Error 2


Determining if the include file audio/audiolib.h exists failed with the following output:
Change Dir: /home/ismltpn/Belgeler/homeworks/cse102-s19/boulder-dash/build/CMakeFiles/CMakeTmp

Run Build Command(s):/usr/bin/gmake cmTC_0676e/fast 
/usr/bin/gmake -f CMakeFiles/cmTC_0676e.dir/build.make CMakeFiles/cmTC_0676e.dir/build
gmake[1]: Entering directory '/home/ismltpn/Belgeler/homeworks/cse102-s19/boulder-dash/build/CMakeFiles/CMakeTmp'
Building C object CMakeFiles/cmTC_0676e.dir/CheckIncludeFile.c.o
/usr/bin/cc   -g -O3 -idirafter /home/ismltpn/Belgeler/homeworks/cse102-s19/boulder-dash/SDL2-2.0.10/src/video/khronos    -o CMakeFiles/cmTC_0676e.dir/CheckIncludeFile.c.o   -c /home/ismltpn/Belgeler/homeworks/cse102-s19/boulder-dash/build/CMakeFiles/CMakeTmp/CheckIncludeFile.c
/home/ismltpn/Belgeler/homeworks/cse102-s19/boulder-dash/build/CMakeFiles/CMakeTmp/CheckIncludeFile.c:1:10: ölümcül hata: audio/audiolib.h: No such file or directory
 #include <audio/audiolib.h>
          ^~~~~~~~~~~~~~~~~~
derleme sonlandırıldı.
gmake[1]: *** [CMakeFiles/cmTC_0676e.dir/build.make:66: CMakeFiles/cmTC_0676e.dir/CheckIncludeFile.c.o] Error 1
gmake[1]: Leaving directory '/home/ismltpn/Belgeler/homeworks/cse102-s19/boulder-dash/build/CMakeFiles/CMakeTmp'
gmake: *** [Makefile:121: cmTC_0676e/fast] Error 2


Determining if the include file sndio.h exists failed with the following output:
Change Dir: /home/ismltpn/Belgeler/homeworks/cse102-s19/boulder-dash/build/CMakeFiles/CMakeTmp

Run Build Command(s):/usr/bin/gmake cmTC_49150/fast 
/usr/bin/gmake -f CMakeFiles/cmTC_49150.dir/build.make CMakeFiles/cmTC_49150.dir/build
gmake[1]: Entering directory '/home/ismltpn/Belgeler/homeworks/cse102-s19/boulder-dash/build/CMakeFiles/CMakeTmp'
Building C object CMakeFiles/cmTC_49150.dir/CheckIncludeFile.c.o
/usr/bin/cc   -g -O3 -idirafter /home/ismltpn/Belgeler/homeworks/cse102-s19/boulder-dash/SDL2-2.0.10/src/video/khronos    -o CMakeFiles/cmTC_49150.dir/CheckIncludeFile.c.o   -c /home/ismltpn/Belgeler/homeworks/cse102-s19/boulder-dash/build/CMakeFiles/CMakeTmp/CheckIncludeFile.c
/home/ismltpn/Belgeler/homeworks/cse102-s19/boulder-dash/build/CMakeFiles/CMakeTmp/CheckIncludeFile.c:1:10: ölümcül hata: sndio.h: No such file or directory
 #include <sndio.h>
          ^~~~~~~~~
derleme sonlandırıldı.
gmake[1]: *** [CMakeFiles/cmTC_49150.dir/build.make:66: CMakeFiles/cmTC_49150.dir/CheckIncludeFile.c.o] Error 1
gmake[1]: Leaving directory '/home/ismltpn/Belgeler/homeworks/cse102-s19/boulder-dash/build/CMakeFiles/CMakeTmp'
gmake: *** [Makefile:121: cmTC_49150/fast] Error 2


Determining if the include file samplerate.h exists failed with the following output:
Change Dir: /home/ismltpn/Belgeler/homeworks/cse102-s19/boulder-dash/build/CMakeFiles/CMakeTmp

Run Build Command(s):/usr/bin/gmake cmTC_6856d/fast 
/usr/bin/gmake -f CMakeFiles/cmTC_6856d.dir/build.make CMakeFiles/cmTC_6856d.dir/build
gmake[1]: Entering directory '/home/ismltpn/Belgeler/homeworks/cse102-s19/boulder-dash/build/CMakeFiles/CMakeTmp'
Building C object CMakeFiles/cmTC_6856d.dir/CheckIncludeFile.c.o
/usr/bin/cc   -g -O3 -idirafter /home/ismltpn/Belgeler/homeworks/cse102-s19/boulder-dash/SDL2-2.0.10/src/video/khronos    -o CMakeFiles/cmTC_6856d.dir/CheckIncludeFile.c.o   -c /home/ismltpn/Belgeler/homeworks/cse102-s19/boulder-dash/build/CMakeFiles/CMakeTmp/CheckIncludeFile.c
/home/ismltpn/Belgeler/homeworks/cse102-s19/boulder-dash/build/CMakeFiles/CMakeTmp/CheckIncludeFile.c:1:10: ölümcül hata: samplerate.h: No such file or directory
 #include <samplerate.h>
          ^~~~~~~~~~~~~~
derleme sonlandırıldı.
gmake[1]: *** [CMakeFiles/cmTC_6856d.dir/build.make:66: CMakeFiles/cmTC_6856d.dir/CheckIncludeFile.c.o] Error 1
gmake[1]: Leaving directory '/home/ismltpn/Belgeler/homeworks/cse102-s19/boulder-dash/build/CMakeFiles/CMakeTmp'
gmake: *** [Makefile:121: cmTC_6856d/fast] Error 2


Performing C SOURCE FILE Test HAVE_VIDEO_RPI failed with the following output:
Change Dir: /home/ismltpn/Belgeler/homeworks/cse102-s19/boulder-dash/build/CMakeFiles/CMakeTmp

Run Build Command(s):/usr/bin/gmake cmTC_fb422/fast 
/usr/bin/gmake -f CMakeFiles/cmTC_fb422.dir/build.make CMakeFiles/cmTC_fb422.dir/build
gmake[1]: Entering directory '/home/ismltpn/Belgeler/homeworks/cse102-s19/boulder-dash/build/CMakeFiles/CMakeTmp'
Building C object CMakeFiles/cmTC_fb422.dir/src.c.o
/usr/bin/cc   -g -O3 -idirafter /home/ismltpn/Belgeler/homeworks/cse102-s19/boulder-dash/SDL2-2.0.10/src/video/khronos -DHAVE_VIDEO_RPI  -I/opt/vc/include/interface/vmcs_host/linux/ -I/opt/vc/include/interface/vcos/pthreads -I/opt/vc/include  -L/opt/vc/lib   -o CMakeFiles/cmTC_fb422.dir/src.c.o   -c /home/ismltpn/Belgeler/homeworks/cse102-s19/boulder-dash/build/CMakeFiles/CMakeTmp/src.c
/home/ismltpn/Belgeler/homeworks/cse102-s19/boulder-dash/build/CMakeFiles/CMakeTmp/src.c:2:18: ölümcül hata: bcm_host.h: No such file or directory
         #include <bcm_host.h>
                  ^~~~~~~~~~~~
derleme sonlandırıldı.
gmake[1]: *** [CMakeFiles/cmTC_fb422.dir/build.make:66: CMakeFiles/cmTC_fb422.dir/src.c.o] Error 1
gmake[1]: Leaving directory '/home/ismltpn/Belgeler/homeworks/cse102-s19/boulder-dash/build/CMakeFiles/CMakeTmp'
gmake: *** [Makefile:121: cmTC_fb422/fast] Error 2

Source file was:

        #include <bcm_host.h>
        int main(int argc, char **argv) {}
Determining if the include file X11/Xcursor/Xcursor.h exists failed with the following output:
Change Dir: /home/ismltpn/Belgeler/homeworks/cse102-s19/boulder-dash/build/CMakeFiles/CMakeTmp

Run Build Command(s):/usr/bin/gmake cmTC_e1141/fast 
/usr/bin/gmake -f CMakeFiles/cmTC_e1141.dir/build.make CMakeFiles/cmTC_e1141.dir/build
gmake[1]: Entering directory '/home/ismltpn/Belgeler/homeworks/cse102-s19/boulder-dash/build/CMakeFiles/CMakeTmp'
Building C object CMakeFiles/cmTC_e1141.dir/CheckIncludeFile.c.o
/usr/bin/cc   -g -O3 -idirafter /home/ismltpn/Belgeler/homeworks/cse102-s19/boulder-dash/SDL2-2.0.10/src/video/khronos    -o CMakeFiles/cmTC_e1141.dir/CheckIncludeFile.c.o   -c /home/ismltpn/Belgeler/homeworks/cse102-s19/boulder-dash/build/CMakeFiles/CMakeTmp/CheckIncludeFile.c
/home/ismltpn/Belgeler/homeworks/cse102-s19/boulder-dash/build/CMakeFiles/CMakeTmp/CheckIncludeFile.c:1:10: ölümcül hata: X11/Xcursor/Xcursor.h: No such file or directory
 #include <X11/Xcursor/Xcursor.h>
          ^~~~~~~~~~~~~~~~~~~~~~~
derleme sonlandırıldı.
gmake[1]: *** [CMakeFiles/cmTC_e1141.dir/build.make:66: CMakeFiles/cmTC_e1141.dir/CheckIncludeFile.c.o] Error 1
gmake[1]: Leaving directory '/home/ismltpn/Belgeler/homeworks/cse102-s19/boulder-dash/build/CMakeFiles/CMakeTmp'
gmake: *** [Makefile:121: cmTC_e1141/fast] Error 2


Determining if the include file X11/extensions/Xinerama.h exists failed with the following output:
Change Dir: /home/ismltpn/Belgeler/homeworks/cse102-s19/boulder-dash/build/CMakeFiles/CMakeTmp

Run Build Command(s):/usr/bin/gmake cmTC_9833e/fast 
/usr/bin/gmake -f CMakeFiles/cmTC_9833e.dir/build.make CMakeFiles/cmTC_9833e.dir/build
gmake[1]: Entering directory '/home/ismltpn/Belgeler/homeworks/cse102-s19/boulder-dash/build/CMakeFiles/CMakeTmp'
Building C object CMakeFiles/cmTC_9833e.dir/CheckIncludeFile.c.o
/usr/bin/cc   -g -O3 -idirafter /home/ismltpn/Belgeler/homeworks/cse102-s19/boulder-dash/SDL2-2.0.10/src/video/khronos    -o CMakeFiles/cmTC_9833e.dir/CheckIncludeFile.c.o   -c /home/ismltpn/Belgeler/homeworks/cse102-s19/boulder-dash/build/CMakeFiles/CMakeTmp/CheckIncludeFile.c
/home/ismltpn/Belgeler/homeworks/cse102-s19/boulder-dash/build/CMakeFiles/CMakeTmp/CheckIncludeFile.c:1:10: ölümcül hata: X11/extensions/Xinerama.h: No such file or directory
 #include <X11/extensions/Xinerama.h>
          ^~~~~~~~~~~~~~~~~~~~~~~~~~~
derleme sonlandırıldı.
gmake[1]: *** [CMakeFiles/cmTC_9833e.dir/build.make:66: CMakeFiles/cmTC_9833e.dir/CheckIncludeFile.c.o] Error 1
gmake[1]: Leaving directory '/home/ismltpn/Belgeler/homeworks/cse102-s19/boulder-dash/build/CMakeFiles/CMakeTmp'
gmake: *** [Makefile:121: cmTC_9833e/fast] Error 2


Determining if the include file X11/extensions/XInput2.h exists failed with the following output:
Change Dir: /home/ismltpn/Belgeler/homeworks/cse102-s19/boulder-dash/build/CMakeFiles/CMakeTmp

Run Build Command(s):/usr/bin/gmake cmTC_51ccc/fast 
/usr/bin/gmake -f CMakeFiles/cmTC_51ccc.dir/build.make CMakeFiles/cmTC_51ccc.dir/build
gmake[1]: Entering directory '/home/ismltpn/Belgeler/homeworks/cse102-s19/boulder-dash/build/CMakeFiles/CMakeTmp'
Building C object CMakeFiles/cmTC_51ccc.dir/CheckIncludeFile.c.o
/usr/bin/cc   -g -O3 -idirafter /home/ismltpn/Belgeler/homeworks/cse102-s19/boulder-dash/SDL2-2.0.10/src/video/khronos    -o CMakeFiles/cmTC_51ccc.dir/CheckIncludeFile.c.o   -c /home/ismltpn/Belgeler/homeworks/cse102-s19/boulder-dash/build/CMakeFiles/CMakeTmp/CheckIncludeFile.c
/home/ismltpn/Belgeler/homeworks/cse102-s19/boulder-dash/build/CMakeFiles/CMakeTmp/CheckIncludeFile.c:1:10: ölümcül hata: X11/extensions/XInput2.h: No such file or directory
 #include <X11/extensions/XInput2.h>
          ^~~~~~~~~~~~~~~~~~~~~~~~~~
derleme sonlandırıldı.
gmake[1]: *** [CMakeFiles/cmTC_51ccc.dir/build.make:66: CMakeFiles/cmTC_51ccc.dir/CheckIncludeFile.c.o] Error 1
gmake[1]: Leaving directory '/home/ismltpn/Belgeler/homeworks/cse102-s19/boulder-dash/build/CMakeFiles/CMakeTmp'
gmake: *** [Makefile:121: cmTC_51ccc/fast] Error 2


Determining if the include file X11/extensions/Xrandr.h exists failed with the following output:
Change Dir: /home/ismltpn/Belgeler/homeworks/cse102-s19/boulder-dash/build/CMakeFiles/CMakeTmp

Run Build Command(s):/usr/bin/gmake cmTC_c4054/fast 
/usr/bin/gmake -f CMakeFiles/cmTC_c4054.dir/build.make CMakeFiles/cmTC_c4054.dir/build
gmake[1]: Entering directory '/home/ismltpn/Belgeler/homeworks/cse102-s19/boulder-dash/build/CMakeFiles/CMakeTmp'
Building C object CMakeFiles/cmTC_c4054.dir/CheckIncludeFile.c.o
/usr/bin/cc   -g -O3 -idirafter /home/ismltpn/Belgeler/homeworks/cse102-s19/boulder-dash/SDL2-2.0.10/src/video/khronos    -o CMakeFiles/cmTC_c4054.dir/CheckIncludeFile.c.o   -c /home/ismltpn/Belgeler/homeworks/cse102-s19/boulder-dash/build/CMakeFiles/CMakeTmp/CheckIncludeFile.c
/home/ismltpn/Belgeler/homeworks/cse102-s19/boulder-dash/build/CMakeFiles/CMakeTmp/CheckIncludeFile.c:1:10: ölümcül hata: X11/extensions/Xrandr.h: No such file or directory
 #include <X11/extensions/Xrandr.h>
          ^~~~~~~~~~~~~~~~~~~~~~~~~
derleme sonlandırıldı.
gmake[1]: *** [CMakeFiles/cmTC_c4054.dir/build.make:66: CMakeFiles/cmTC_c4054.dir/CheckIncludeFile.c.o] Error 1
gmake[1]: Leaving directory '/home/ismltpn/Belgeler/homeworks/cse102-s19/boulder-dash/build/CMakeFiles/CMakeTmp'
gmake: *** [Makefile:121: cmTC_c4054/fast] Error 2


Determining if the include file X11/extensions/Xrender.h exists failed with the following output:
Change Dir: /home/ismltpn/Belgeler/homeworks/cse102-s19/boulder-dash/build/CMakeFiles/CMakeTmp

Run Build Command(s):/usr/bin/gmake cmTC_94a6d/fast 
/usr/bin/gmake -f CMakeFiles/cmTC_94a6d.dir/build.make CMakeFiles/cmTC_94a6d.dir/build
gmake[1]: Entering directory '/home/ismltpn/Belgeler/homeworks/cse102-s19/boulder-dash/build/CMakeFiles/CMakeTmp'
Building C object CMakeFiles/cmTC_94a6d.dir/CheckIncludeFile.c.o
/usr/bin/cc   -g -O3 -idirafter /home/ismltpn/Belgeler/homeworks/cse102-s19/boulder-dash/SDL2-2.0.10/src/video/khronos    -o CMakeFiles/cmTC_94a6d.dir/CheckIncludeFile.c.o   -c /home/ismltpn/Belgeler/homeworks/cse102-s19/boulder-dash/build/CMakeFiles/CMakeTmp/CheckIncludeFile.c
/home/ismltpn/Belgeler/homeworks/cse102-s19/boulder-dash/build/CMakeFiles/CMakeTmp/CheckIncludeFile.c:1:10: ölümcül hata: X11/extensions/Xrender.h: No such file or directory
 #include <X11/extensions/Xrender.h>
          ^~~~~~~~~~~~~~~~~~~~~~~~~~
derleme sonlandırıldı.
gmake[1]: *** [CMakeFiles/cmTC_94a6d.dir/build.make:66: CMakeFiles/cmTC_94a6d.dir/CheckIncludeFile.c.o] Error 1
gmake[1]: Leaving directory '/home/ismltpn/Belgeler/homeworks/cse102-s19/boulder-dash/build/CMakeFiles/CMakeTmp'
gmake: *** [Makefile:121: cmTC_94a6d/fast] Error 2


Determining if the include file X11/extensions/scrnsaver.h exists failed with the following output:
Change Dir: /home/ismltpn/Belgeler/homeworks/cse102-s19/boulder-dash/build/CMakeFiles/CMakeTmp

Run Build Command(s):/usr/bin/gmake cmTC_a4036/fast 
/usr/bin/gmake -f CMakeFiles/cmTC_a4036.dir/build.make CMakeFiles/cmTC_a4036.dir/build
gmake[1]: Entering directory '/home/ismltpn/Belgeler/homeworks/cse102-s19/boulder-dash/build/CMakeFiles/CMakeTmp'
Building C object CMakeFiles/cmTC_a4036.dir/CheckIncludeFile.c.o
/usr/bin/cc   -g -O3 -idirafter /home/ismltpn/Belgeler/homeworks/cse102-s19/boulder-dash/SDL2-2.0.10/src/video/khronos    -o CMakeFiles/cmTC_a4036.dir/CheckIncludeFile.c.o   -c /home/ismltpn/Belgeler/homeworks/cse102-s19/boulder-dash/build/CMakeFiles/CMakeTmp/CheckIncludeFile.c
/home/ismltpn/Belgeler/homeworks/cse102-s19/boulder-dash/build/CMakeFiles/CMakeTmp/CheckIncludeFile.c:1:10: ölümcül hata: X11/extensions/scrnsaver.h: No such file or directory
 #include <X11/extensions/scrnsaver.h>
          ^~~~~~~~~~~~~~~~~~~~~~~~~~~~
derleme sonlandırıldı.
gmake[1]: *** [CMakeFiles/cmTC_a4036.dir/build.make:66: CMakeFiles/cmTC_a4036.dir/CheckIncludeFile.c.o] Error 1
gmake[1]: Leaving directory '/home/ismltpn/Belgeler/homeworks/cse102-s19/boulder-dash/build/CMakeFiles/CMakeTmp'
gmake: *** [Makefile:121: cmTC_a4036/fast] Error 2


Performing C SOURCE FILE Test HAVE_VIDEO_OPENGL failed with the following output:
Change Dir: /home/ismltpn/Belgeler/homeworks/cse102-s19/boulder-dash/build/CMakeFiles/CMakeTmp

Run Build Command(s):/usr/bin/gmake cmTC_d4690/fast 
/usr/bin/gmake -f CMakeFiles/cmTC_d4690.dir/build.make CMakeFiles/cmTC_d4690.dir/build
gmake[1]: Entering directory '/home/ismltpn/Belgeler/homeworks/cse102-s19/boulder-dash/build/CMakeFiles/CMakeTmp'
Building C object CMakeFiles/cmTC_d4690.dir/src.c.o
/usr/bin/cc   -g -O3 -idirafter /home/ismltpn/Belgeler/homeworks/cse102-s19/boulder-dash/SDL2-2.0.10/src/video/khronos -DHAVE_VIDEO_OPENGL   -o CMakeFiles/cmTC_d4690.dir/src.c.o   -c /home/ismltpn/Belgeler/homeworks/cse102-s19/boulder-dash/build/CMakeFiles/CMakeTmp/src.c
/home/ismltpn/Belgeler/homeworks/cse102-s19/boulder-dash/build/CMakeFiles/CMakeTmp/src.c:2:18: ölümcül hata: GL/gl.h: No such file or directory
         #include <GL/gl.h>
                  ^~~~~~~~~
derleme sonlandırıldı.
gmake[1]: *** [CMakeFiles/cmTC_d4690.dir/build.make:66: CMakeFiles/cmTC_d4690.dir/src.c.o] Error 1
gmake[1]: Leaving directory '/home/ismltpn/Belgeler/homeworks/cse102-s19/boulder-dash/build/CMakeFiles/CMakeTmp'
gmake: *** [Makefile:121: cmTC_d4690/fast] Error 2

Source file was:

        #include <GL/gl.h>
        #include <GL/glx.h>
        int main(int argc, char** argv) {}
Performing C SOURCE FILE Test HAVE_VIDEO_OPENGLES_V1 failed with the following output:
Change Dir: /home/ismltpn/Belgeler/homeworks/cse102-s19/boulder-dash/build/CMakeFiles/CMakeTmp

Run Build Command(s):/usr/bin/gmake cmTC_091eb/fast 
/usr/bin/gmake -f CMakeFiles/cmTC_091eb.dir/build.make CMakeFiles/cmTC_091eb.dir/build
gmake[1]: Entering directory '/home/ismltpn/Belgeler/homeworks/cse102-s19/boulder-dash/build/CMakeFiles/CMakeTmp'
Building C object CMakeFiles/cmTC_091eb.dir/src.c.o
/usr/bin/cc   -g -O3 -idirafter /home/ismltpn/Belgeler/homeworks/cse102-s19/boulder-dash/SDL2-2.0.10/src/video/khronos -DHAVE_VIDEO_OPENGLES_V1   -o CMakeFiles/cmTC_091eb.dir/src.c.o   -c /home/ismltpn/Belgeler/homeworks/cse102-s19/boulder-dash/build/CMakeFiles/CMakeTmp/src.c
/home/ismltpn/Belgeler/homeworks/cse102-s19/boulder-dash/build/CMakeFiles/CMakeTmp/src.c:2:16: ölümcül hata: GLES/gl.h: No such file or directory
       #include <GLES/gl.h>
                ^~~~~~~~~~~
derleme sonlandırıldı.
gmake[1]: *** [CMakeFiles/cmTC_091eb.dir/build.make:66: CMakeFiles/cmTC_091eb.dir/src.c.o] Error 1
gmake[1]: Leaving directory '/home/ismltpn/Belgeler/homeworks/cse102-s19/boulder-dash/build/CMakeFiles/CMakeTmp'
gmake: *** [Makefile:121: cmTC_091eb/fast] Error 2

Source file was:

      #include <GLES/gl.h>
      #include <GLES/glext.h>
      int main (int argc, char** argv) {}
Performing C SOURCE FILE Test HAVE_VIDEO_VIVANTE_VDK failed with the following output:
Change Dir: /home/ismltpn/Belgeler/homeworks/cse102-s19/boulder-dash/build/CMakeFiles/CMakeTmp

Run Build Command(s):/usr/bin/gmake cmTC_d54de/fast 
/usr/bin/gmake -f CMakeFiles/cmTC_d54de.dir/build.make CMakeFiles/cmTC_d54de.dir/build
gmake[1]: Entering directory '/home/ismltpn/Belgeler/homeworks/cse102-s19/boulder-dash/build/CMakeFiles/CMakeTmp'
Building C object CMakeFiles/cmTC_d54de.dir/src.c.o
/usr/bin/cc   -g -O3 -idirafter /home/ismltpn/Belgeler/homeworks/cse102-s19/boulder-dash/SDL2-2.0.10/src/video/khronos -DHAVE_VIDEO_VIVANTE_VDK   -o CMakeFiles/cmTC_d54de.dir/src.c.o   -c /home/ismltpn/Belgeler/homeworks/cse102-s19/boulder-dash/build/CMakeFiles/CMakeTmp/src.c
/home/ismltpn/Belgeler/homeworks/cse102-s19/boulder-dash/build/CMakeFiles/CMakeTmp/src.c:2:18: ölümcül hata: gc_vdk.h: No such file or directory
         #include <gc_vdk.h>
                  ^~~~~~~~~~
derleme sonlandırıldı.
gmake[1]: *** [CMakeFiles/cmTC_d54de.dir/build.make:66: CMakeFiles/cmTC_d54de.dir/src.c.o] Error 1
gmake[1]: Leaving directory '/home/ismltpn/Belgeler/homeworks/cse102-s19/boulder-dash/build/CMakeFiles/CMakeTmp'
gmake: *** [Makefile:121: cmTC_d54de/fast] Error 2

Source file was:

        #include <gc_vdk.h>
        int main(int argc, char** argv) {}
Performing C SOURCE FILE Test HAVE_VIDEO_VIVANTE_EGL_FB failed with the following output:
Change Dir: /home/ismltpn/Belgeler/homeworks/cse102-s19/boulder-dash/build/CMakeFiles/CMakeTmp

Run Build Command(s):/usr/bin/gmake cmTC_aed64/fast 
/usr/bin/gmake -f CMakeFiles/cmTC_aed64.dir/build.make CMakeFiles/cmTC_aed64.dir/build
gmake[1]: Entering directory '/home/ismltpn/Belgeler/homeworks/cse102-s19/boulder-dash/build/CMakeFiles/CMakeTmp'
Building C object CMakeFiles/cmTC_aed64.dir/src.c.o
/usr/bin/cc   -g -O3 -idirafter /home/ismltpn/Belgeler/homeworks/cse102-s19/boulder-dash/SDL2-2.0.10/src/video/khronos -DHAVE_VIDEO_VIVANTE_EGL_FB   -o CMakeFiles/cmTC_aed64.dir/src.c.o   -c /home/ismltpn/Belgeler/homeworks/cse102-s19/boulder-dash/build/CMakeFiles/CMakeTmp/src.c
/home/ismltpn/Belgeler/homeworks/cse102-s19/boulder-dash/build/CMakeFiles/CMakeTmp/src.c:4:18: ölümcül hata: EGL/eglvivante.h: No such file or directory
         #include <EGL/eglvivante.h>
                  ^~~~~~~~~~~~~~~~~~
derleme sonlandırıldı.
gmake[1]: *** [CMakeFiles/cmTC_aed64.dir/build.make:66: CMakeFiles/cmTC_aed64.dir/src.c.o] Error 1
gmake[1]: Leaving directory '/home/ismltpn/Belgeler/homeworks/cse102-s19/boulder-dash/build/CMakeFiles/CMakeTmp'
gmake: *** [Makefile:121: cmTC_aed64/fast] Error 2

Source file was:

        #define LINUX
        #define EGL_API_FB
        #include <EGL/eglvivante.h>
        int main(int argc, char** argv) {}
Determining if the include file libudev.h exists failed with the following output:
Change Dir: /home/ismltpn/Belgeler/homeworks/cse102-s19/boulder-dash/build/CMakeFiles/CMakeTmp

Run Build Command(s):/usr/bin/gmake cmTC_cdc16/fast 
/usr/bin/gmake -f CMakeFiles/cmTC_cdc16.dir/build.make CMakeFiles/cmTC_cdc16.dir/build
gmake[1]: Entering directory '/home/ismltpn/Belgeler/homeworks/cse102-s19/boulder-dash/build/CMakeFiles/CMakeTmp'
Building C object CMakeFiles/cmTC_cdc16.dir/CheckIncludeFile.c.o
/usr/bin/cc   -g -O3 -idirafter /home/ismltpn/Belgeler/homeworks/cse102-s19/boulder-dash/SDL2-2.0.10/src/video/khronos    -o CMakeFiles/cmTC_cdc16.dir/CheckIncludeFile.c.o   -c /home/ismltpn/Belgeler/homeworks/cse102-s19/boulder-dash/build/CMakeFiles/CMakeTmp/CheckIncludeFile.c
/home/ismltpn/Belgeler/homeworks/cse102-s19/boulder-dash/build/CMakeFiles/CMakeTmp/CheckIncludeFile.c:1:10: ölümcül hata: libudev.h: No such file or directory
 #include <libudev.h>
          ^~~~~~~~~~~
derleme sonlandırıldı.
gmake[1]: *** [CMakeFiles/cmTC_cdc16.dir/build.make:66: CMakeFiles/cmTC_cdc16.dir/CheckIncludeFile.c.o] Error 1
gmake[1]: Leaving directory '/home/ismltpn/Belgeler/homeworks/cse102-s19/boulder-dash/build/CMakeFiles/CMakeTmp'
gmake: *** [Makefile:121: cmTC_cdc16/fast] Error 2


Determining if the include file fcitx/frontend.h exists failed with the following output:
Change Dir: /home/ismltpn/Belgeler/homeworks/cse102-s19/boulder-dash/build/CMakeFiles/CMakeTmp

Run Build Command(s):/usr/bin/gmake cmTC_4defb/fast 
/usr/bin/gmake -f CMakeFiles/cmTC_4defb.dir/build.make CMakeFiles/cmTC_4defb.dir/build
gmake[1]: Entering directory '/home/ismltpn/Belgeler/homeworks/cse102-s19/boulder-dash/build/CMakeFiles/CMakeTmp'
Building C object CMakeFiles/cmTC_4defb.dir/CheckIncludeFile.c.o
/usr/bin/cc   -g -O3 -idirafter /home/ismltpn/Belgeler/homeworks/cse102-s19/boulder-dash/SDL2-2.0.10/src/video/khronos    -o CMakeFiles/cmTC_4defb.dir/CheckIncludeFile.c.o   -c /home/ismltpn/Belgeler/homeworks/cse102-s19/boulder-dash/build/CMakeFiles/CMakeTmp/CheckIncludeFile.c
/home/ismltpn/Belgeler/homeworks/cse102-s19/boulder-dash/build/CMakeFiles/CMakeTmp/CheckIncludeFile.c:1:10: ölümcül hata: fcitx/frontend.h: No such file or directory
 #include <fcitx/frontend.h>
          ^~~~~~~~~~~~~~~~~~
derleme sonlandırıldı.
gmake[1]: *** [CMakeFiles/cmTC_4defb.dir/build.make:66: CMakeFiles/cmTC_4defb.dir/CheckIncludeFile.c.o] Error 1
gmake[1]: Leaving directory '/home/ismltpn/Belgeler/homeworks/cse102-s19/boulder-dash/build/CMakeFiles/CMakeTmp'
gmake: *** [Makefile:121: cmTC_4defb/fast] Error 2


Performing C SOURCE FILE Test HAVE_INPUT_TSLIB failed with the following output:
Change Dir: /home/ismltpn/Belgeler/homeworks/cse102-s19/boulder-dash/build/CMakeFiles/CMakeTmp

Run Build Command(s):/usr/bin/gmake cmTC_dfaf8/fast 
/usr/bin/gmake -f CMakeFiles/cmTC_dfaf8.dir/build.make CMakeFiles/cmTC_dfaf8.dir/build
gmake[1]: Entering directory '/home/ismltpn/Belgeler/homeworks/cse102-s19/boulder-dash/build/CMakeFiles/CMakeTmp'
Building C object CMakeFiles/cmTC_dfaf8.dir/src.c.o
/usr/bin/cc   -g -O3 -idirafter /home/ismltpn/Belgeler/homeworks/cse102-s19/boulder-dash/SDL2-2.0.10/src/video/khronos -DHAVE_INPUT_TSLIB   -o CMakeFiles/cmTC_dfaf8.dir/src.c.o   -c /home/ismltpn/Belgeler/homeworks/cse102-s19/boulder-dash/build/CMakeFiles/CMakeTmp/src.c
/home/ismltpn/Belgeler/homeworks/cse102-s19/boulder-dash/build/CMakeFiles/CMakeTmp/src.c:2:18: ölümcül hata: tslib.h: No such file or directory
         #include "tslib.h"
                  ^~~~~~~~~
derleme sonlandırıldı.
gmake[1]: *** [CMakeFiles/cmTC_dfaf8.dir/build.make:66: CMakeFiles/cmTC_dfaf8.dir/src.c.o] Error 1
gmake[1]: Leaving directory '/home/ismltpn/Belgeler/homeworks/cse102-s19/boulder-dash/build/CMakeFiles/CMakeTmp'
gmake: *** [Makefile:121: cmTC_dfaf8/fast] Error 2

Source file was:

        #include "tslib.h"
        int main(int argc, char** argv) { }
Determining if the function hid_init exists in the usbhid failed with the following output:
Change Dir: /home/ismltpn/Belgeler/homeworks/cse102-s19/boulder-dash/build/CMakeFiles/CMakeTmp

Run Build Command(s):/usr/bin/gmake cmTC_360e0/fast 
/usr/bin/gmake -f CMakeFiles/cmTC_360e0.dir/build.make CMakeFiles/cmTC_360e0.dir/build
gmake[1]: Entering directory '/home/ismltpn/Belgeler/homeworks/cse102-s19/boulder-dash/build/CMakeFiles/CMakeTmp'
Building C object CMakeFiles/cmTC_360e0.dir/CheckFunctionExists.c.o
/usr/bin/cc   -g -O3 -idirafter /home/ismltpn/Belgeler/homeworks/cse102-s19/boulder-dash/SDL2-2.0.10/src/video/khronos -DCHECK_FUNCTION_EXISTS=hid_init   -o CMakeFiles/cmTC_360e0.dir/CheckFunctionExists.c.o   -c /usr/share/cmake/Modules/CheckFunctionExists.c
Linking C executable cmTC_360e0
/usr/bin/cmake -E cmake_link_script CMakeFiles/cmTC_360e0.dir/link.txt --verbose=1
/usr/bin/cc -g -O3 -idirafter /home/ismltpn/Belgeler/homeworks/cse102-s19/boulder-dash/SDL2-2.0.10/src/video/khronos -DCHECK_FUNCTION_EXISTS=hid_init    -rdynamic CMakeFiles/cmTC_360e0.dir/CheckFunctionExists.c.o  -o cmTC_360e0 -lusbhid 
/usr/bin/ld: -lusbhid bulunamadı
collect2: hata: ld çıkış durumu 1 ile döndü
gmake[1]: *** [CMakeFiles/cmTC_360e0.dir/build.make:87: cmTC_360e0] Error 1
gmake[1]: Leaving directory '/home/ismltpn/Belgeler/homeworks/cse102-s19/boulder-dash/build/CMakeFiles/CMakeTmp'
gmake: *** [Makefile:121: cmTC_360e0/fast] Error 2


Determining if the include file usb.h exists failed with the following output:
Change Dir: /home/ismltpn/Belgeler/homeworks/cse102-s19/boulder-dash/build/CMakeFiles/CMakeTmp

Run Build Command(s):/usr/bin/gmake cmTC_a6869/fast 
/usr/bin/gmake -f CMakeFiles/cmTC_a6869.dir/build.make CMakeFiles/cmTC_a6869.dir/build
gmake[1]: Entering directory '/home/ismltpn/Belgeler/homeworks/cse102-s19/boulder-dash/build/CMakeFiles/CMakeTmp'
Building C object CMakeFiles/cmTC_a6869.dir/CheckIncludeFile.c.o
/usr/bin/cc   -g -O3 -idirafter /home/ismltpn/Belgeler/homeworks/cse102-s19/boulder-dash/SDL2-2.0.10/src/video/khronos    -o CMakeFiles/cmTC_a6869.dir/CheckIncludeFile.c.o   -c /home/ismltpn/Belgeler/homeworks/cse102-s19/boulder-dash/build/CMakeFiles/CMakeTmp/CheckIncludeFile.c
/home/ismltpn/Belgeler/homeworks/cse102-s19/boulder-dash/build/CMakeFiles/CMakeTmp/CheckIncludeFile.c:1:10: ölümcül hata: usb.h: No such file or directory
 #include <usb.h>
          ^~~~~~~
derleme sonlandırıldı.
gmake[1]: *** [CMakeFiles/cmTC_a6869.dir/build.make:66: CMakeFiles/cmTC_a6869.dir/CheckIncludeFile.c.o] Error 1
gmake[1]: Leaving directory '/home/ismltpn/Belgeler/homeworks/cse102-s19/boulder-dash/build/CMakeFiles/CMakeTmp'
gmake: *** [Makefile:121: cmTC_a6869/fast] Error 2


Determining if the include file libusb.h exists failed with the following output:
Change Dir: /home/ismltpn/Belgeler/homeworks/cse102-s19/boulder-dash/build/CMakeFiles/CMakeTmp

Run Build Command(s):/usr/bin/gmake cmTC_0a7cc/fast 
/usr/bin/gmake -f CMakeFiles/cmTC_0a7cc.dir/build.make CMakeFiles/cmTC_0a7cc.dir/build
gmake[1]: Entering directory '/home/ismltpn/Belgeler/homeworks/cse102-s19/boulder-dash/build/CMakeFiles/CMakeTmp'
Building C object CMakeFiles/cmTC_0a7cc.dir/CheckIncludeFile.c.o
/usr/bin/cc   -g -O3 -idirafter /home/ismltpn/Belgeler/homeworks/cse102-s19/boulder-dash/SDL2-2.0.10/src/video/khronos    -o CMakeFiles/cmTC_0a7cc.dir/CheckIncludeFile.c.o   -c /home/ismltpn/Belgeler/homeworks/cse102-s19/boulder-dash/build/CMakeFiles/CMakeTmp/CheckIncludeFile.c
/home/ismltpn/Belgeler/homeworks/cse102-s19/boulder-dash/build/CMakeFiles/CMakeTmp/CheckIncludeFile.c:1:10: ölümcül hata: libusb.h: No such file or directory
 #include <libusb.h>
          ^~~~~~~~~~
derleme sonlandırıldı.
gmake[1]: *** [CMakeFiles/cmTC_0a7cc.dir/build.make:66: CMakeFiles/cmTC_0a7cc.dir/CheckIncludeFile.c.o] Error 1
gmake[1]: Leaving directory '/home/ismltpn/Belgeler/homeworks/cse102-s19/boulder-dash/build/CMakeFiles/CMakeTmp'
gmake: *** [Makefile:121: cmTC_0a7cc/fast] Error 2


Determining if the function hid_init exists in the usb failed with the following output:
Change Dir: /home/ismltpn/Belgeler/homeworks/cse102-s19/boulder-dash/build/CMakeFiles/CMakeTmp

Run Build Command(s):/usr/bin/gmake cmTC_926be/fast 
/usr/bin/gmake -f CMakeFiles/cmTC_926be.dir/build.make CMakeFiles/cmTC_926be.dir/build
gmake[1]: Entering directory '/home/ismltpn/Belgeler/homeworks/cse102-s19/boulder-dash/build/CMakeFiles/CMakeTmp'
Building C object CMakeFiles/cmTC_926be.dir/CheckFunctionExists.c.o
/usr/bin/cc   -g -O3 -idirafter /home/ismltpn/Belgeler/homeworks/cse102-s19/boulder-dash/SDL2-2.0.10/src/video/khronos -DCHECK_FUNCTION_EXISTS=hid_init   -o CMakeFiles/cmTC_926be.dir/CheckFunctionExists.c.o   -c /usr/share/cmake/Modules/CheckFunctionExists.c
Linking C executable cmTC_926be
/usr/bin/cmake -E cmake_link_script CMakeFiles/cmTC_926be.dir/link.txt --verbose=1
/usr/bin/cc -g -O3 -idirafter /home/ismltpn/Belgeler/homeworks/cse102-s19/boulder-dash/SDL2-2.0.10/src/video/khronos -DCHECK_FUNCTION_EXISTS=hid_init    -rdynamic CMakeFiles/cmTC_926be.dir/CheckFunctionExists.c.o  -o cmTC_926be -lusb 
/usr/bin/ld: -lusb bulunamadı
collect2: hata: ld çıkış durumu 1 ile döndü
gmake[1]: *** [CMakeFiles/cmTC_926be.dir/build.make:87: cmTC_926be] Error 1
gmake[1]: Leaving directory '/home/ismltpn/Belgeler/homeworks/cse102-s19/boulder-dash/build/CMakeFiles/CMakeTmp'
gmake: *** [Makefile:121: cmTC_926be/fast] Error 2


Performing C SOURCE FILE Test HAVE_USBHID failed with the following output:
Change Dir: /home/ismltpn/Belgeler/homeworks/cse102-s19/boulder-dash/build/CMakeFiles/CMakeTmp

Run Build Command(s):/usr/bin/gmake cmTC_532ed/fast 
/usr/bin/gmake -f CMakeFiles/cmTC_532ed.dir/build.make CMakeFiles/cmTC_532ed.dir/build
gmake[1]: Entering directory '/home/ismltpn/Belgeler/homeworks/cse102-s19/boulder-dash/build/CMakeFiles/CMakeTmp'
Building C object CMakeFiles/cmTC_532ed.dir/src.c.o
/usr/bin/cc   -g -O3 -idirafter /home/ismltpn/Belgeler/homeworks/cse102-s19/boulder-dash/SDL2-2.0.10/src/video/khronos -DHAVE_USBHID   -o CMakeFiles/cmTC_532ed.dir/src.c.o   -c /home/ismltpn/Belgeler/homeworks/cse102-s19/boulder-dash/build/CMakeFiles/CMakeTmp/src.c
/home/ismltpn/Belgeler/homeworks/cse102-s19/boulder-dash/build/CMakeFiles/CMakeTmp/src.c:10:19: ölümcül hata: dev/usb/usb.h: No such file or directory
         # include <dev/usb/usb.h>
                   ^~~~~~~~~~~~~~~
derleme sonlandırıldı.
gmake[1]: *** [CMakeFiles/cmTC_532ed.dir/build.make:66: CMakeFiles/cmTC_532ed.dir/src.c.o] Error 1
gmake[1]: Leaving directory '/home/ismltpn/Belgeler/homeworks/cse102-s19/boulder-dash/build/CMakeFiles/CMakeTmp'
gmake: *** [Makefile:121: cmTC_532ed/fast] Error 2

Source file was:

       #include <sys/types.h>
        #if defined(HAVE_USB_H)
        #include <usb.h>
        #endif
        #ifdef __DragonFly__
        # include <bus/usb/usb.h>
        # include <bus/usb/usbhid.h>
        #else
        # include <dev/usb/usb.h>
        # include <dev/usb/usbhid.h>
        #endif
        #if defined(HAVE_USBHID_H)
        #include <usbhid.h>
        #elif defined(HAVE_LIBUSB_H)
        #include <libusb.h>
        #elif defined(HAVE_LIBUSBHID_H)
        #include <libusbhid.h>
        #endif
        int main(int argc, char **argv) {
          struct report_desc *repdesc;
          struct usb_ctl_report *repbuf;
          hid_kind_t hidkind;
          return 0;
        }
Performing C SOURCE FILE Test HAVE_PTHREAD_NP_H failed with the following output:
Change Dir: /home/ismltpn/Belgeler/homeworks/cse102-s19/boulder-dash/build/CMakeFiles/CMakeTmp

Run Build Command(s):/usr/bin/gmake cmTC_3e6a3/fast 
/usr/bin/gmake -f CMakeFiles/cmTC_3e6a3.dir/build.make CMakeFiles/cmTC_3e6a3.dir/build
gmake[1]: Entering directory '/home/ismltpn/Belgeler/homeworks/cse102-s19/boulder-dash/build/CMakeFiles/CMakeTmp'
Building C object CMakeFiles/cmTC_3e6a3.dir/src.c.o
/usr/bin/cc   -g -O3 -idirafter /home/ismltpn/Belgeler/homeworks/cse102-s19/boulder-dash/SDL2-2.0.10/src/video/khronos -DHAVE_PTHREAD_NP_H   -D_REENTRANT -pthread   -o CMakeFiles/cmTC_3e6a3.dir/src.c.o   -c /home/ismltpn/Belgeler/homeworks/cse102-s19/boulder-dash/build/CMakeFiles/CMakeTmp/src.c
/home/ismltpn/Belgeler/homeworks/cse102-s19/boulder-dash/build/CMakeFiles/CMakeTmp/src.c:3:20: ölümcül hata: pthread_np.h: No such file or directory
           #include <pthread_np.h>
                    ^~~~~~~~~~~~~~
derleme sonlandırıldı.
gmake[1]: *** [CMakeFiles/cmTC_3e6a3.dir/build.make:66: CMakeFiles/cmTC_3e6a3.dir/src.c.o] Error 1
gmake[1]: Leaving directory '/home/ismltpn/Belgeler/homeworks/cse102-s19/boulder-dash/build/CMakeFiles/CMakeTmp'
gmake: *** [Makefile:121: cmTC_3e6a3/fast] Error 2

Source file was:

          #include <pthread.h>
          #include <pthread_np.h>
          int main(int argc, char** argv) { return 0; }
Determining if the function pthread_set_name_np exists failed with the following output:
Change Dir: /home/ismltpn/Belgeler/homeworks/cse102-s19/boulder-dash/build/CMakeFiles/CMakeTmp

Run Build Command(s):/usr/bin/gmake cmTC_4228a/fast 
/usr/bin/gmake -f CMakeFiles/cmTC_4228a.dir/build.make CMakeFiles/cmTC_4228a.dir/build
gmake[1]: Entering directory '/home/ismltpn/Belgeler/homeworks/cse102-s19/boulder-dash/build/CMakeFiles/CMakeTmp'
Building C object CMakeFiles/cmTC_4228a.dir/CheckFunctionExists.c.o
/usr/bin/cc   -g -O3 -idirafter /home/ismltpn/Belgeler/homeworks/cse102-s19/boulder-dash/SDL2-2.0.10/src/video/khronos -DCHECK_FUNCTION_EXISTS=pthread_set_name_np   -D_REENTRANT -pthread   -o CMakeFiles/cmTC_4228a.dir/CheckFunctionExists.c.o   -c /usr/share/cmake/Modules/CheckFunctionExists.c
Linking C executable cmTC_4228a
/usr/bin/cmake -E cmake_link_script CMakeFiles/cmTC_4228a.dir/link.txt --verbose=1
/usr/bin/cc -g -O3 -idirafter /home/ismltpn/Belgeler/homeworks/cse102-s19/boulder-dash/SDL2-2.0.10/src/video/khronos -DCHECK_FUNCTION_EXISTS=pthread_set_name_np   -D_REENTRANT -pthread    -rdynamic CMakeFiles/cmTC_4228a.dir/CheckFunctionExists.c.o  -o cmTC_4228a 
/usr/bin/ld: CMakeFiles/cmTC_4228a.dir/CheckFunctionExists.c.o: in function `main':
/usr/share/cmake/Modules/CheckFunctionExists.c:17: undefined reference to `pthread_set_name_np'
collect2: hata: ld çıkış durumu 1 ile döndü
gmake[1]: *** [CMakeFiles/cmTC_4228a.dir/build.make:87: cmTC_4228a] Error 1
gmake[1]: Leaving directory '/home/ismltpn/Belgeler/homeworks/cse102-s19/boulder-dash/build/CMakeFiles/CMakeTmp'
gmake: *** [Makefile:121: cmTC_4228a/fast] Error 2


